<?xml version="1.0" encoding="UTF-8"?>
<!-- Generated by org.testng.reporters.JUnitReportReporter -->
<testsuite hostname="DESKTOP-K45A3HR" failures="0" tests="2" name="qaclickacademy.RestAPITest" time="0.000" errors="0" timestamp="11 May 2019 16:21:18 GMT">
  <testcase classname="qaclickacademy.RestAPITest" name="deleteTwitter" time="0.000"/>
  <testcase classname="qaclickacademy.RestAPITest" name="postJira" time="0.000"/>
</testsuite> <!-- qaclickacademy.RestAPITest -->
